2025-10-21 20:24:32,800 | INFO | Processing dataset: SARS-CoV2
2025-10-21 20:24:32,804 | INFO | Dataset card saved: reports\SARS-CoV2_card.json
2025-10-21 20:24:33,303 | INFO | Class distribution figure saved: reports\figures\SARS-CoV2_class_distribution.png
2025-10-21 20:24:33,346 | INFO | Using stratified split for SARS-CoV2
2025-10-21 20:24:33,379 | INFO | Train manifest created: data\preprocessed\SARS-CoV2\train_manifest.json
2025-10-21 20:24:33,384 | INFO | Val manifest created: data\preprocessed\SARS-CoV2\val_manifest.json
2025-10-21 20:24:33,391 | INFO | Test manifest created: data\preprocessed\SARS-CoV2\test_manifest.json
2025-10-21 20:24:33,393 | INFO | Processing dataset: COVIDx
2025-10-21 20:24:33,443 | INFO | Dataset card saved: reports\COVIDx_card.json
2025-10-21 20:24:33,684 | INFO | Class distribution figure saved: reports\figures\COVIDx_class_distribution.png
2025-10-21 20:24:33,692 | INFO | Using stratified split for COVIDx
2025-10-21 20:24:33,742 | INFO | Train manifest created: data\preprocessed\COVIDx\train_manifest.json
2025-10-21 20:24:33,749 | INFO | Val manifest created: data\preprocessed\COVIDx\val_manifest.json
2025-10-21 20:24:33,757 | INFO | Test manifest created: data\preprocessed\COVIDx\test_manifest.json
2025-10-21 20:24:33,759 | INFO | Processing dataset: COVID-CT-MD
2025-10-21 20:24:33,810 | INFO | Dataset card saved: reports\COVID-CT-MD_card.json
2025-10-21 20:24:34,155 | INFO | Class distribution figure saved: reports\figures\COVID-CT-MD_class_distribution.png
2025-10-21 20:24:34,208 | INFO | Using stratified split for COVID-CT-MD
2025-10-21 20:24:34,356 | INFO | Train manifest created: data\preprocessed\COVID-CT-MD\train_manifest.json
2025-10-21 20:24:34,375 | INFO | Val manifest created: data\preprocessed\COVID-CT-MD\val_manifest.json
2025-10-21 20:24:34,417 | INFO | Test manifest created: data\preprocessed\COVID-CT-MD\test_manifest.json
2025-10-21 20:24:34,419 | INFO | \U0001f3c1 All datasets processed successfully
