2025-10-21 19:51:59,372 | INFO | \U0001f680 Starting preprocessing pipeline for all datasets
2025-10-21 19:51:59,372 | INFO | \U0001f4be Processing dataset: SARS-CoV2
2025-10-21 19:51:59,376 | INFO | SARS-CoV2 - COVID: 1252 images
2025-10-21 19:52:04,149 | INFO | \u2705 Metadata saved for SARS-CoV2: data\preprocessed\SARS-CoV2\metadata.json
2025-10-21 19:52:04,151 | INFO | \U0001f4be Processing dataset: COVIDx
2025-10-21 19:52:04,160 | INFO | COVIDx - COVID: 2000 images
2025-10-21 19:52:12,339 | INFO | \u2705 Metadata saved for COVIDx: data\preprocessed\COVIDx\metadata.json
2025-10-21 19:52:12,341 | INFO | \U0001f4be Processing dataset: COVID-CT-MD
2025-10-21 19:52:12,345 | INFO | \u2705 Metadata saved for COVID-CT-MD: data\preprocessed\COVID-CT-MD\metadata.json
2025-10-21 19:52:12,345 | INFO | \U0001f4be Processing dataset: LargeCOVID19
2025-10-21 19:59:07,182 | INFO | \U0001f680 Starting preprocessing pipeline for all datasets
2025-10-21 19:59:07,182 | INFO | \U0001f4be Processing dataset: SARS-CoV2
2025-10-21 19:59:07,184 | INFO | SARS-CoV2 - COVID: 1252 images
2025-10-21 19:59:09,748 | INFO | \u2705 Metadata saved for SARS-CoV2: data\preprocessed\SARS-CoV2\metadata.json
2025-10-21 19:59:09,748 | INFO | \U0001f4be Processing dataset: COVIDx
2025-10-21 19:59:09,752 | INFO | COVIDx - COVID: 2000 images
2025-10-21 19:59:18,705 | INFO | \u2705 Metadata saved for COVIDx: data\preprocessed\COVIDx\metadata.json
2025-10-21 19:59:18,708 | INFO | \U0001f4be Processing dataset: COVID-CT-MD
2025-10-21 19:59:18,712 | INFO | \u2705 Metadata saved for COVID-CT-MD: data\preprocessed\COVID-CT-MD\metadata.json
2025-10-21 19:59:18,712 | INFO | \U0001f4be Processing dataset: LargeCOVID19
2025-10-21 20:04:13,588 | INFO | \U0001f680 Starting preprocessing pipeline for all datasets
2025-10-21 20:04:13,589 | INFO | \U0001f4be Processing dataset: SARS-CoV2
2025-10-21 20:04:13,593 | INFO | SARS-CoV2 - COVID: 1252 images
2025-10-21 20:04:16,515 | INFO | \u2705 Metadata saved for SARS-CoV2: data\preprocessed\SARS-CoV2\metadata.json
2025-10-21 20:04:16,518 | INFO | \U0001f4be Processing dataset: COVIDx
2025-10-21 20:04:16,526 | INFO | COVIDx - COVID: 2000 images
2025-10-21 20:04:21,690 | INFO | \u2705 Metadata saved for COVIDx: data\preprocessed\COVIDx\metadata.json
2025-10-21 20:04:21,691 | INFO | \U0001f4be Processing dataset: COVID-CT-MD
2025-10-21 20:04:21,707 | INFO | COVID-CT-MD - COVID: 7593 images
2025-10-21 20:05:06,347 | INFO | COVID-CT-MD - CAP: 2618 images
2025-10-21 20:05:23,326 | INFO | \u2705 Metadata saved for COVID-CT-MD: data\preprocessed\COVID-CT-MD\metadata.json
2025-10-21 20:05:23,329 | INFO | \U0001f4be Processing dataset: LargeCOVID19
2025-10-21 20:08:28,337 | INFO | \U0001f680 Starting preprocessing pipeline for all datasets
2025-10-21 20:08:28,337 | INFO | \U0001f4be Processing dataset: SARS-CoV2
2025-10-21 20:08:28,340 | INFO | SARS-CoV2 - COVID: 1252 images
2025-10-21 20:08:31,185 | INFO | SARS-CoV2 - non-COVID: 1229 images
2025-10-21 20:08:34,287 | INFO | \u2705 Metadata saved for SARS-CoV2: data\preprocessed\SARS-CoV2\metadata.json
2025-10-21 20:08:34,288 | INFO | \U0001f4be Processing dataset: COVIDx
2025-10-21 20:08:34,293 | INFO | COVIDx - COVID: 2000 images
2025-10-21 20:08:39,623 | INFO | COVIDx - PNEUMONIA: 2000 images
2025-10-21 20:08:51,006 | INFO | COVIDx - NORMAL: 2000 images
2025-10-21 20:09:04,759 | INFO | \u2705 Metadata saved for COVIDx: data\preprocessed\COVIDx\metadata.json
2025-10-21 20:09:04,762 | INFO | \U0001f4be Processing dataset: COVID-CT-MD
2025-10-21 20:09:04,787 | INFO | COVID-CT-MD - COVID: 7593 images
2025-10-21 20:09:37,157 | INFO | COVID-CT-MD - CAP: 2618 images
2025-10-21 20:09:47,807 | INFO | \u2705 Metadata saved for COVID-CT-MD: data\preprocessed\COVID-CT-MD\metadata.json
2025-10-21 20:09:47,810 | INFO | \U0001f3c1 All datasets processed successfully
2025-10-21 20:10:24,060 | INFO | \U0001f680 Starting preprocessing pipeline for all datasets
2025-10-21 20:10:24,060 | INFO | \U0001f4be Processing dataset: SARS-CoV2
2025-10-21 20:10:24,063 | INFO | SARS-CoV2 - COVID: 1252 images
2025-10-21 20:10:27,060 | INFO | SARS-CoV2 - non-COVID: 1229 images
2025-10-21 20:10:31,819 | INFO | \u2705 Metadata saved for SARS-CoV2: data\preprocessed\SARS-CoV2\metadata.json
2025-10-21 20:10:31,821 | INFO | \U0001f4be Processing dataset: COVIDx
2025-10-21 20:10:31,832 | INFO | COVIDx - COVID: 2000 images
2025-10-21 20:10:41,416 | INFO | COVIDx - PNEUMONIA: 2000 images
2025-10-21 20:10:50,143 | INFO | COVIDx - NORMAL: 2000 images
2025-10-21 20:10:59,553 | INFO | \u2705 Metadata saved for COVIDx: data\preprocessed\COVIDx\metadata.json
2025-10-21 20:10:59,555 | INFO | \U0001f4be Processing dataset: COVID-CT-MD
2025-10-21 20:10:59,582 | INFO | COVID-CT-MD - COVID: 7593 images
2025-10-21 20:11:39,336 | INFO | COVID-CT-MD - CAP: 2618 images
2025-10-21 20:11:51,654 | INFO | COVID-CT-MD - non-COVID: 6893 images
2025-10-21 20:12:48,242 | INFO | \u2705 Metadata saved for COVID-CT-MD: data\preprocessed\COVID-CT-MD\metadata.json
2025-10-21 20:12:48,249 | INFO | \U0001f3c1 All datasets processed successfully
