2025-10-21 19:49:40,960 | INFO | \U0001f680 Starting preprocessing pipeline for ALL datasets
2025-10-21 19:49:40,960 | INFO | Processing dataset: SARS-CoV2
2025-10-21 19:49:40,962 | INFO | Found 1252 images for label: COVID
2025-10-21 19:49:45,637 | INFO | Found 1229 images for label: Non-COVID
2025-10-21 19:49:50,246 | INFO | \u2705 Metadata saved for SARS-CoV2: data\preprocessed\SARS-CoV2\metadata.json
2025-10-21 19:49:50,248 | INFO | Processing dataset: COVIDx
2025-10-21 19:49:50,273 | INFO | Found 2000 images for label: COVID
2025-10-21 19:50:05,251 | WARNING | Missing folder: data\raw\covidxct_subset\Non-COVID
2025-10-21 19:50:05,288 | INFO | \u2705 Metadata saved for COVIDx: data\preprocessed\COVIDx\metadata.json
2025-10-21 19:50:05,291 | INFO | Processing dataset: COVID-CT-MD
2025-10-21 19:50:05,291 | WARNING | Missing folder: data\raw\Covid-19(Multi-class)\Curated_data\COVID
2025-10-21 19:50:05,291 | WARNING | Missing folder: data\raw\Covid-19(Multi-class)\Curated_data\CAP
2025-10-21 19:50:05,292 | WARNING | Missing folder: data\raw\Covid-19(Multi-class)\Curated_data\Normal
2025-10-21 19:50:05,293 | INFO | \u2705 Metadata saved for COVID-CT-MD: data\preprocessed\COVID-CT-MD\metadata.json
2025-10-21 19:50:05,293 | INFO | Processing dataset: LargeCOVID19
2025-10-21 19:50:05,293 | WARNING | Missing folder: data\raw\LargeCOVID19\COVID
2025-10-21 19:50:05,294 | WARNING | Missing folder: data\raw\LargeCOVID19\Non-COVID
2025-10-21 19:50:05,294 | WARNING | Missing folder: data\raw\LargeCOVID19\Community-Acquired Pneumonia
2025-10-21 19:50:05,295 | INFO | \u2705 Metadata saved for LargeCOVID19: data\preprocessed\LargeCOVID19\metadata.json
2025-10-21 19:50:05,295 | INFO | \U0001f3c1 Preprocessing complete for ALL datasets
